1448760429.731972 client started (52722): socket /private/tmp/tmux-501/test, protocol 8
1448760429.731993 on Darwin 15.0.0 Darwin Kernel Version 15.0.0: Sat Sep 19 15:53:46 PDT 2015; root:xnu-3247.10.11~1/RELEASE_X86_64; libevent 2.1.5-beta (kqueue)
1448760429.732023 socket is /private/tmp/tmux-501/test
1448760429.732033 trying connect
1448760429.732047 connect failed: Connection refused
1448760429.732264 lock file is /private/tmp/tmux-501/test.lock
1448760429.732388 flock succeeded
1448760429.732393 got lock (5)
1448760429.732398 trying connect
1448760429.732404 connect failed: Connection refused
1448760429.732793 add peer 0x7ff9f300ca00: 6 (0x0)
1448760429.733924 sending message 100 to peer 0x7ff9f300ca00 (4 bytes)
1448760429.733937 sending message 101 to peer 0x7ff9f300ca00 (15 bytes)
1448760429.733941 sending message 102 to peer 0x7ff9f300ca00 (13 bytes)
1448760429.733945 sending message 108 to peer 0x7ff9f300ca00 (22 bytes)
1448760429.733951 sending message 104 to peer 0x7ff9f300ca00 (0 bytes)
1448760429.733955 sending message 107 to peer 0x7ff9f300ca00 (4 bytes)
1448760429.733958 sending message 105 to peer 0x7ff9f300ca00 (403 bytes)
1448760429.733962 sending message 105 to peer 0x7ff9f300ca00 (57 bytes)
1448760429.733965 sending message 105 to peer 0x7ff9f300ca00 (14 bytes)
1448760429.733968 sending message 105 to peer 0x7ff9f300ca00 (14 bytes)
1448760429.733971 sending message 105 to peer 0x7ff9f300ca00 (18 bytes)
1448760429.733974 sending message 105 to peer 0x7ff9f300ca00 (76 bytes)
1448760429.733977 sending message 105 to peer 0x7ff9f300ca00 (17 bytes)
1448760429.733980 sending message 105 to peer 0x7ff9f300ca00 (20 bytes)
1448760429.733983 sending message 105 to peer 0x7ff9f300ca00 (11 bytes)
1448760429.733986 sending message 105 to peer 0x7ff9f300ca00 (66 bytes)
1448760429.733990 sending message 105 to peer 0x7ff9f300ca00 (75 bytes)
1448760429.733993 sending message 105 to peer 0x7ff9f300ca00 (19 bytes)
1448760429.733996 sending message 105 to peer 0x7ff9f300ca00 (19 bytes)
1448760429.733999 sending message 105 to peer 0x7ff9f300ca00 (23 bytes)
1448760429.734002 sending message 105 to peer 0x7ff9f300ca00 (25 bytes)
1448760429.734005 sending message 105 to peer 0x7ff9f300ca00 (61 bytes)
1448760429.734008 sending message 105 to peer 0x7ff9f300ca00 (26 bytes)
1448760429.734011 sending message 105 to peer 0x7ff9f300ca00 (38 bytes)
1448760429.734014 sending message 105 to peer 0x7ff9f300ca00 (8 bytes)
1448760429.734017 sending message 105 to peer 0x7ff9f300ca00 (45 bytes)
1448760429.734020 sending message 105 to peer 0x7ff9f300ca00 (13 bytes)
1448760429.734023 sending message 105 to peer 0x7ff9f300ca00 (12 bytes)
1448760429.734028 sending message 105 to peer 0x7ff9f300ca00 (12 bytes)
1448760429.734031 sending message 105 to peer 0x7ff9f300ca00 (11 bytes)
1448760429.734034 sending message 105 to peer 0x7ff9f300ca00 (28 bytes)
1448760429.734037 sending message 105 to peer 0x7ff9f300ca00 (31 bytes)
1448760429.734040 sending message 105 to peer 0x7ff9f300ca00 (25 bytes)
1448760429.734043 sending message 105 to peer 0x7ff9f300ca00 (25 bytes)
1448760429.734047 sending message 105 to peer 0x7ff9f300ca00 (21 bytes)
1448760429.734050 sending message 105 to peer 0x7ff9f300ca00 (21 bytes)
1448760429.734053 sending message 105 to peer 0x7ff9f300ca00 (28 bytes)
1448760429.734056 sending message 105 to peer 0x7ff9f300ca00 (21 bytes)
1448760429.734059 sending message 105 to peer 0x7ff9f300ca00 (25 bytes)
1448760429.734062 sending message 105 to peer 0x7ff9f300ca00 (32 bytes)
1448760429.734065 sending message 105 to peer 0x7ff9f300ca00 (1416 bytes)
1448760429.734075 sending message 105 to peer 0x7ff9f300ca00 (17 bytes)
1448760429.734079 sending message 105 to peer 0x7ff9f300ca00 (21 bytes)
1448760429.734082 sending message 105 to peer 0x7ff9f300ca00 (24 bytes)
1448760429.734085 sending message 105 to peer 0x7ff9f300ca00 (35 bytes)
1448760429.734088 sending message 105 to peer 0x7ff9f300ca00 (19 bytes)
1448760429.734091 sending message 105 to peer 0x7ff9f300ca00 (23 bytes)
1448760429.734095 sending message 105 to peer 0x7ff9f300ca00 (26 bytes)
1448760429.734105 sending message 105 to peer 0x7ff9f300ca00 (13 bytes)
1448760429.734108 sending message 105 to peer 0x7ff9f300ca00 (12 bytes)
1448760429.734112 sending message 105 to peer 0x7ff9f300ca00 (13 bytes)
1448760429.734115 sending message 105 to peer 0x7ff9f300ca00 (23 bytes)
1448760429.734118 sending message 105 to peer 0x7ff9f300ca00 (38 bytes)
1448760429.734121 sending message 105 to peer 0x7ff9f300ca00 (32 bytes)
1448760429.734124 sending message 105 to peer 0x7ff9f300ca00 (30 bytes)
1448760429.734127 sending message 105 to peer 0x7ff9f300ca00 (29 bytes)
1448760429.734130 sending message 105 to peer 0x7ff9f300ca00 (29 bytes)
1448760429.734133 sending message 105 to peer 0x7ff9f300ca00 (31 bytes)
1448760429.734137 sending message 105 to peer 0x7ff9f300ca00 (52 bytes)
1448760429.734140 sending message 105 to peer 0x7ff9f300ca00 (52 bytes)
1448760429.734142 sending message 105 to peer 0x7ff9f300ca00 (59 bytes)
1448760429.734146 sending message 105 to peer 0x7ff9f300ca00 (16 bytes)
1448760429.734149 sending message 105 to peer 0x7ff9f300ca00 (23 bytes)
1448760429.734152 sending message 105 to peer 0x7ff9f300ca00 (18 bytes)
1448760429.734155 sending message 105 to peer 0x7ff9f300ca00 (23 bytes)
1448760429.734158 sending message 105 to peer 0x7ff9f300ca00 (31 bytes)
1448760429.734161 sending message 105 to peer 0x7ff9f300ca00 (91 bytes)
1448760429.734166 sending message 105 to peer 0x7ff9f300ca00 (23 bytes)
1448760429.734169 sending message 105 to peer 0x7ff9f300ca00 (27 bytes)
1448760429.734172 sending message 105 to peer 0x7ff9f300ca00 (28 bytes)
1448760429.734175 sending message 105 to peer 0x7ff9f300ca00 (39 bytes)
1448760429.734179 sending message 105 to peer 0x7ff9f300ca00 (33 bytes)
1448760429.734182 sending message 105 to peer 0x7ff9f300ca00 (71 bytes)
1448760429.734185 sending message 105 to peer 0x7ff9f300ca00 (40 bytes)
1448760429.734188 sending message 105 to peer 0x7ff9f300ca00 (36 bytes)
1448760429.734191 sending message 105 to peer 0x7ff9f300ca00 (28 bytes)
1448760429.734194 sending message 105 to peer 0x7ff9f300ca00 (60 bytes)
1448760429.734197 sending message 105 to peer 0x7ff9f300ca00 (14 bytes)
1448760429.734201 sending message 105 to peer 0x7ff9f300ca00 (31 bytes)
1448760429.734203 sending message 105 to peer 0x7ff9f300ca00 (23 bytes)
1448760429.734206 sending message 105 to peer 0x7ff9f300ca00 (42 bytes)
1448760429.734210 sending message 105 to peer 0x7ff9f300ca00 (21 bytes)
1448760429.734213 sending message 105 to peer 0x7ff9f300ca00 (17 bytes)
1448760429.734216 sending message 105 to peer 0x7ff9f300ca00 (36 bytes)
1448760429.734219 sending message 105 to peer 0x7ff9f300ca00 (21 bytes)
1448760429.734222 sending message 105 to peer 0x7ff9f300ca00 (19 bytes)
1448760429.734225 sending message 105 to peer 0x7ff9f300ca00 (24 bytes)
1448760429.734228 sending message 105 to peer 0x7ff9f300ca00 (29 bytes)
1448760429.734231 sending message 105 to peer 0x7ff9f300ca00 (26 bytes)
1448760429.734234 sending message 105 to peer 0x7ff9f300ca00 (101 bytes)
1448760429.734237 sending message 105 to peer 0x7ff9f300ca00 (104 bytes)
1448760429.734240 sending message 105 to peer 0x7ff9f300ca00 (38 bytes)
1448760429.734243 sending message 105 to peer 0x7ff9f300ca00 (43 bytes)
1448760429.734247 sending message 105 to peer 0x7ff9f300ca00 (42 bytes)
1448760429.734250 sending message 105 to peer 0x7ff9f300ca00 (62 bytes)
1448760429.734253 sending message 105 to peer 0x7ff9f300ca00 (32 bytes)
1448760429.734256 sending message 105 to peer 0x7ff9f300ca00 (29 bytes)
1448760429.734259 sending message 105 to peer 0x7ff9f300ca00 (28 bytes)
1448760429.734264 sending message 105 to peer 0x7ff9f300ca00 (8 bytes)
1448760429.734267 sending message 105 to peer 0x7ff9f300ca00 (19 bytes)
1448760429.734270 sending message 105 to peer 0x7ff9f300ca00 (30 bytes)
1448760429.734273 sending message 105 to peer 0x7ff9f300ca00 (35 bytes)
1448760429.734276 sending message 105 to peer 0x7ff9f300ca00 (25 bytes)
1448760429.734279 sending message 105 to peer 0x7ff9f300ca00 (30 bytes)
1448760429.734292 sending message 105 to peer 0x7ff9f300ca00 (31 bytes)
1448760429.734322 sending message 105 to peer 0x7ff9f300ca00 (45 bytes)
1448760429.734329 sending message 105 to peer 0x7ff9f300ca00 (294 bytes)
1448760429.734335 sending message 105 to peer 0x7ff9f300ca00 (22 bytes)
1448760429.734340 sending message 106 to peer 0x7ff9f300ca00 (0 bytes)
1448760429.734349 sending message 200 to peer 0x7ff9f300ca00 (4 bytes)
1448760429.734355 client loop enter
1448760429.739868 peer 0x7ff9f300ca00 message 207
1448760429.739887 sending message 208 to peer 0x7ff9f300ca00 (0 bytes)
1448760459.628521 peer 0x7ff9f300ca00 message 210
1448760459.628558 sending message 205 to peer 0x7ff9f300ca00 (0 bytes)
1448760459.628936 peer 0x7ff9f300ca00 message 204
1448760459.628948 client loop exit
